<?xml version="1.0" encoding="UTF-8"?>
<testng-results ignored="0" total="1" passed="1" failed="0" skipped="0">
  <reporter-output>
  </reporter-output>
  <suite started-at="2023-04-01T13:49:32 IST" name="inetBankingV1" finished-at="2023-04-01T13:49:41 IST" duration-ms="9399">
    <groups>
    </groups>
    <test started-at="2023-04-01T13:49:32 IST" name="Test" finished-at="2023-04-01T13:49:41 IST" duration-ms="9399">
      <class name="com.inetBankingV1.testCases.TC_Login001">
        <test-method is-config="true" signature="setup(java.lang.String)[pri:0, instance:com.inetBankingV1.testCases.TC_Login001@15bb5034]" started-at="2023-04-01T13:49:32 IST" name="setup" finished-at="2023-04-01T13:49:36 IST" duration-ms="3836" status="PASS">
          <params>
            <param index="0">
              <value>
                <![CDATA[chrome]]>
              </value>
            </param>
          </params>
          <reporter-output>
          </reporter-output>
        </test-method> <!-- setup -->
        <test-method signature="loginTest()[pri:0, instance:com.inetBankingV1.testCases.TC_Login001@15bb5034]" started-at="2023-04-01T13:49:36 IST" name="loginTest" finished-at="2023-04-01T13:49:41 IST" duration-ms="5210" status="PASS">
          <reporter-output>
          </reporter-output>
        </test-method> <!-- loginTest -->
        <test-method is-config="true" signature="closed()[pri:0, instance:com.inetBankingV1.testCases.TC_Login001@15bb5034]" started-at="2023-04-01T13:49:41 IST" name="closed" finished-at="2023-04-01T13:49:41 IST" duration-ms="295" status="PASS">
          <reporter-output>
          </reporter-output>
        </test-method> <!-- closed -->
      </class> <!-- com.inetBankingV1.testCases.TC_Login001 -->
    </test> <!-- Test -->
  </suite> <!-- inetBankingV1 -->
</testng-results>
