<?xml version="1.0" encoding="UTF-8"?>
<testng-results ignored="0" total="2" passed="2" failed="0" skipped="0">
  <reporter-output>
  </reporter-output>
  <suite started-at="2023-04-04T19:02:51 IST" name="inetBankingV1" finished-at="2023-04-04T19:03:07 IST" duration-ms="15426">
    <groups>
    </groups>
    <test started-at="2023-04-04T19:02:51 IST" name="Test" finished-at="2023-04-04T19:03:07 IST" duration-ms="15426">
      <class name="com.inetBankingV1.testCases.TC_Login001">
        <test-method is-config="true" signature="setup(java.lang.String)[pri:0, instance:com.inetBankingV1.testCases.TC_Login001@7d4f9aae]" started-at="2023-04-04T19:02:52 IST" name="setup" finished-at="2023-04-04T19:02:56 IST" duration-ms="4225" status="PASS">
          <params>
            <param index="0">
              <value>
                <![CDATA[chrome]]>
              </value>
            </param>
          </params>
          <reporter-output>
          </reporter-output>
        </test-method> <!-- setup -->
        <test-method signature="loginTest()[pri:0, instance:com.inetBankingV1.testCases.TC_Login001@7d4f9aae]" started-at="2023-04-04T19:02:56 IST" name="loginTest" finished-at="2023-04-04T19:03:05 IST" duration-ms="9079" status="PASS">
          <reporter-output>
          </reporter-output>
        </test-method> <!-- loginTest -->
        <test-method signature="logout()[pri:0, instance:com.inetBankingV1.testCases.TC_Login001@7d4f9aae]" started-at="2023-04-04T19:03:05 IST" name="logout" finished-at="2023-04-04T19:03:06 IST" depends-on-methods="com.inetBankingV1.testCases.TC_Login001.loginTest" duration-ms="1250" status="PASS">
          <reporter-output>
          </reporter-output>
        </test-method> <!-- logout -->
        <test-method is-config="true" signature="closed()[pri:0, instance:com.inetBankingV1.testCases.TC_Login001@7d4f9aae]" started-at="2023-04-04T19:03:06 IST" name="closed" finished-at="2023-04-04T19:03:07 IST" duration-ms="319" status="PASS">
          <reporter-output>
          </reporter-output>
        </test-method> <!-- closed -->
      </class> <!-- com.inetBankingV1.testCases.TC_Login001 -->
    </test> <!-- Test -->
  </suite> <!-- inetBankingV1 -->
</testng-results>
