<?xml version="1.0" encoding="UTF-8"?>
<!-- Generated by org.testng.reporters.JUnitXMLReporter -->
<testsuite ignored="0" hostname="DESKTOP-45L3Q3R" failures="1" tests="2" name="Test" time="33.173" errors="0" timestamp="2023-04-01T22:57:22 IST">
  <testcase classname="com.inetBankingV1.testCases.TC_LoginDDT_002" name="loginDDT" time="20.988"/>
  <testcase classname="com.inetBankingV1.testCases.TC_LoginDDT_002" name="loginDDT" time="6.987">
    <failure type="java.lang.AssertionError" message="expected [true] but found [false]">
      <![CDATA[java.lang.AssertionError: expected [true] but found [false]
at com.inetBankingV1.testCases.TC_LoginDDT_002.loginDDT(TC_LoginDDT_002.java:31)
at java.base/java.util.ArrayList.forEach(ArrayList.java:1511)
... Removed 29 stack frames]]>
    </failure>
  </testcase> <!-- loginDDT -->
</testsuite> <!-- Test -->
